#! /usr/local/bin/vvp
:ivl_version "12.0 (stable)";
:ivl_delay_selection "TYPICAL";
:vpi_time_precision + 0;
:vpi_module "/usr/local/lib/ivl/system.vpi";
:vpi_module "/usr/local/lib/ivl/vhdl_sys.vpi";
:vpi_module "/usr/local/lib/ivl/vhdl_textio.vpi";
:vpi_module "/usr/local/lib/ivl/v2005_math.vpi";
:vpi_module "/usr/local/lib/ivl/va_math.vpi";
:vpi_module "/usr/local/lib/ivl/v2009.vpi";
S_0x25b12580 .scope package, "$unit" "$unit" 2 1;
 .timescale 0 0;
S_0x25b12710 .scope module, "testbench" "testbench" 3 1;
 .timescale 0 0;
v0x25b54e40_0 .var "clk", 0 0;
v0x25b54f70_0 .var "duty1", 3 0;
v0x25b55060_0 .var "duty2", 3 0;
v0x25b55160_0 .var "duty3", 3 0;
v0x25b55230_0 .var "duty4", 3 0;
v0x25b552d0_0 .net "led_out", 0 0, v0x25b2a380_0;  1 drivers
v0x25b553a0_0 .net "pwm1", 0 0, v0x25b53ae0_0;  1 drivers
v0x25b55490_0 .net "pwm2", 0 0, v0x25b540f0_0;  1 drivers
v0x25b55580_0 .net "pwm3", 0 0, v0x25b54700_0;  1 drivers
v0x25b556b0_0 .net "pwm4", 0 0, v0x25b54d10_0;  1 drivers
v0x25b557a0_0 .var "sel", 1 0;
S_0x25b39ba0 .scope module, "MUX" "led_mux" 3 17, 4 14 0, S_0x25b12710;
 .timescale 0 0;
    .port_info 0 /INPUT 2 "sel";
    .port_info 1 /INPUT 1 "pwm1";
    .port_info 2 /INPUT 1 "pwm2";
    .port_info 3 /INPUT 1 "pwm3";
    .port_info 4 /INPUT 1 "pwm4";
    .port_info 5 /OUTPUT 1 "led_out";
v0x25b2a380_0 .var "led_out", 0 0;
v0x25b53090_0 .net "pwm1", 0 0, v0x25b53ae0_0;  alias, 1 drivers
v0x25b53150_0 .net "pwm2", 0 0, v0x25b540f0_0;  alias, 1 drivers
v0x25b53220_0 .net "pwm3", 0 0, v0x25b54700_0;  alias, 1 drivers
v0x25b532e0_0 .net "pwm4", 0 0, v0x25b54d10_0;  alias, 1 drivers
v0x25b533f0_0 .net "sel", 1 0, v0x25b557a0_0;  1 drivers
E_0x25b3c2c0/0 .event anyedge, v0x25b533f0_0, v0x25b53090_0, v0x25b53150_0, v0x25b53220_0;
E_0x25b3c2c0/1 .event anyedge, v0x25b532e0_0;
E_0x25b3c2c0 .event/or E_0x25b3c2c0/0, E_0x25b3c2c0/1;
S_0x25b535d0 .scope module, "PWM1" "pwm_generator" 3 11, 4 1 0, S_0x25b12710;
 .timescale 0 0;
    .port_info 0 /INPUT 1 "clk";
    .port_info 1 /INPUT 4 "duty_cycle";
    .port_info 2 /OUTPUT 1 "pwm_out";
v0x25b53860_0 .net "clk", 0 0, v0x25b54e40_0;  1 drivers
v0x25b53940_0 .var "counter", 3 0;
v0x25b53a20_0 .net "duty_cycle", 3 0, v0x25b54f70_0;  1 drivers
v0x25b53ae0_0 .var "pwm_out", 0 0;
E_0x25b3cf20 .event posedge, v0x25b53860_0;
S_0x25b53c10 .scope module, "PWM2" "pwm_generator" 3 12, 4 1 0, S_0x25b12710;
 .timescale 0 0;
    .port_info 0 /INPUT 1 "clk";
    .port_info 1 /INPUT 4 "duty_cycle";
    .port_info 2 /OUTPUT 1 "pwm_out";
v0x25b53e70_0 .net "clk", 0 0, v0x25b54e40_0;  alias, 1 drivers
v0x25b53f40_0 .var "counter", 3 0;
v0x25b54000_0 .net "duty_cycle", 3 0, v0x25b55060_0;  1 drivers
v0x25b540f0_0 .var "pwm_out", 0 0;
S_0x25b54220 .scope module, "PWM3" "pwm_generator" 3 13, 4 1 0, S_0x25b12710;
 .timescale 0 0;
    .port_info 0 /INPUT 1 "clk";
    .port_info 1 /INPUT 4 "duty_cycle";
    .port_info 2 /OUTPUT 1 "pwm_out";
v0x25b54450_0 .net "clk", 0 0, v0x25b54e40_0;  alias, 1 drivers
v0x25b54560_0 .var "counter", 3 0;
v0x25b54640_0 .net "duty_cycle", 3 0, v0x25b55160_0;  1 drivers
v0x25b54700_0 .var "pwm_out", 0 0;
S_0x25b54830 .scope module, "PWM4" "pwm_generator" 3 14, 4 1 0, S_0x25b12710;
 .timescale 0 0;
    .port_info 0 /INPUT 1 "clk";
    .port_info 1 /INPUT 4 "duty_cycle";
    .port_info 2 /OUTPUT 1 "pwm_out";
v0x25b54ab0_0 .net "clk", 0 0, v0x25b54e40_0;  alias, 1 drivers
v0x25b54b70_0 .var "counter", 3 0;
v0x25b54c50_0 .net "duty_cycle", 3 0, v0x25b55230_0;  1 drivers
v0x25b54d10_0 .var "pwm_out", 0 0;
    .scope S_0x25b535d0;
T_0 ;
    %pushi/vec4 0, 0, 4;
    %store/vec4 v0x25b53940_0, 0, 4;
    %end;
    .thread T_0, $init;
    .scope S_0x25b535d0;
T_1 ;
    %wait E_0x25b3cf20;
    %load/vec4 v0x25b53940_0;
    %addi 1, 0, 4;
    %assign/vec4 v0x25b53940_0, 0;
    %load/vec4 v0x25b53940_0;
    %load/vec4 v0x25b53a20_0;
    %cmp/u;
    %flag_mov 8, 5;
    %jmp/0 T_1.0, 8;
    %pushi/vec4 1, 0, 2;
    %jmp/1 T_1.1, 8;
T_1.0 ; End of true expr.
    %pushi/vec4 0, 0, 2;
    %jmp/0 T_1.1, 8;
 ; End of false expr.
    %blend;
T_1.1;
    %pad/s 1;
    %assign/vec4 v0x25b53ae0_0, 0;
    %jmp T_1;
    .thread T_1;
    .scope S_0x25b53c10;
T_2 ;
    %pushi/vec4 0, 0, 4;
    %store/vec4 v0x25b53f40_0, 0, 4;
    %end;
    .thread T_2, $init;
    .scope S_0x25b53c10;
T_3 ;
    %wait E_0x25b3cf20;
    %load/vec4 v0x25b53f40_0;
    %addi 1, 0, 4;
    %assign/vec4 v0x25b53f40_0, 0;
    %load/vec4 v0x25b53f40_0;
    %load/vec4 v0x25b54000_0;
    %cmp/u;
    %flag_mov 8, 5;
    %jmp/0 T_3.0, 8;
    %pushi/vec4 1, 0, 2;
    %jmp/1 T_3.1, 8;
T_3.0 ; End of true expr.
    %pushi/vec4 0, 0, 2;
    %jmp/0 T_3.1, 8;
 ; End of false expr.
    %blend;
T_3.1;
    %pad/s 1;
    %assign/vec4 v0x25b540f0_0, 0;
    %jmp T_3;
    .thread T_3;
    .scope S_0x25b54220;
T_4 ;
    %pushi/vec4 0, 0, 4;
    %store/vec4 v0x25b54560_0, 0, 4;
    %end;
    .thread T_4, $init;
    .scope S_0x25b54220;
T_5 ;
    %wait E_0x25b3cf20;
    %load/vec4 v0x25b54560_0;
    %addi 1, 0, 4;
    %assign/vec4 v0x25b54560_0, 0;
    %load/vec4 v0x25b54560_0;
    %load/vec4 v0x25b54640_0;
    %cmp/u;
    %flag_mov 8, 5;
    %jmp/0 T_5.0, 8;
    %pushi/vec4 1, 0, 2;
    %jmp/1 T_5.1, 8;
T_5.0 ; End of true expr.
    %pushi/vec4 0, 0, 2;
    %jmp/0 T_5.1, 8;
 ; End of false expr.
    %blend;
T_5.1;
    %pad/s 1;
    %assign/vec4 v0x25b54700_0, 0;
    %jmp T_5;
    .thread T_5;
    .scope S_0x25b54830;
T_6 ;
    %pushi/vec4 0, 0, 4;
    %store/vec4 v0x25b54b70_0, 0, 4;
    %end;
    .thread T_6, $init;
    .scope S_0x25b54830;
T_7 ;
    %wait E_0x25b3cf20;
    %load/vec4 v0x25b54b70_0;
    %addi 1, 0, 4;
    %assign/vec4 v0x25b54b70_0, 0;
    %load/vec4 v0x25b54b70_0;
    %load/vec4 v0x25b54c50_0;
    %cmp/u;
    %flag_mov 8, 5;
    %jmp/0 T_7.0, 8;
    %pushi/vec4 1, 0, 2;
    %jmp/1 T_7.1, 8;
T_7.0 ; End of true expr.
    %pushi/vec4 0, 0, 2;
    %jmp/0 T_7.1, 8;
 ; End of false expr.
    %blend;
T_7.1;
    %pad/s 1;
    %assign/vec4 v0x25b54d10_0, 0;
    %jmp T_7;
    .thread T_7;
    .scope S_0x25b39ba0;
T_8 ;
    %wait E_0x25b3c2c0;
    %load/vec4 v0x25b533f0_0;
    %dup/vec4;
    %pushi/vec4 0, 0, 2;
    %cmp/u;
    %jmp/1 T_8.0, 6;
    %dup/vec4;
    %pushi/vec4 1, 0, 2;
    %cmp/u;
    %jmp/1 T_8.1, 6;
    %dup/vec4;
    %pushi/vec4 2, 0, 2;
    %cmp/u;
    %jmp/1 T_8.2, 6;
    %dup/vec4;
    %pushi/vec4 3, 0, 2;
    %cmp/u;
    %jmp/1 T_8.3, 6;
    %jmp T_8.4;
T_8.0 ;
    %load/vec4 v0x25b53090_0;
    %store/vec4 v0x25b2a380_0, 0, 1;
    %jmp T_8.4;
T_8.1 ;
    %load/vec4 v0x25b53150_0;
    %store/vec4 v0x25b2a380_0, 0, 1;
    %jmp T_8.4;
T_8.2 ;
    %load/vec4 v0x25b53220_0;
    %store/vec4 v0x25b2a380_0, 0, 1;
    %jmp T_8.4;
T_8.3 ;
    %load/vec4 v0x25b532e0_0;
    %store/vec4 v0x25b2a380_0, 0, 1;
    %jmp T_8.4;
T_8.4 ;
    %pop/vec4 1;
    %jmp T_8;
    .thread T_8, $push;
    .scope S_0x25b12710;
T_9 ;
    %pushi/vec4 4, 0, 4;
    %store/vec4 v0x25b54f70_0, 0, 4;
    %pushi/vec4 8, 0, 4;
    %store/vec4 v0x25b55060_0, 0, 4;
    %pushi/vec4 12, 0, 4;
    %store/vec4 v0x25b55160_0, 0, 4;
    %pushi/vec4 15, 0, 4;
    %store/vec4 v0x25b55230_0, 0, 4;
    %end;
    .thread T_9, $init;
    .scope S_0x25b12710;
T_10 ;
    %delay 5, 0;
    %load/vec4 v0x25b54e40_0;
    %inv;
    %store/vec4 v0x25b54e40_0, 0, 1;
    %jmp T_10;
    .thread T_10;
    .scope S_0x25b12710;
T_11 ;
    %vpi_call/w 3 20 "$dumpfile", "wave.vcd" {0 0 0};
    %vpi_call/w 3 21 "$dumpvars", 32'sb00000000000000000000000000000000, S_0x25b12710 {0 0 0};
    %pushi/vec4 0, 0, 1;
    %store/vec4 v0x25b54e40_0, 0, 1;
    %pushi/vec4 0, 0, 2;
    %store/vec4 v0x25b557a0_0, 0, 2;
    %delay 50, 0;
    %pushi/vec4 1, 0, 2;
    %store/vec4 v0x25b557a0_0, 0, 2;
    %delay 50, 0;
    %pushi/vec4 2, 0, 2;
    %store/vec4 v0x25b557a0_0, 0, 2;
    %delay 50, 0;
    %pushi/vec4 3, 0, 2;
    %store/vec4 v0x25b557a0_0, 0, 2;
    %delay 100, 0;
    %vpi_call/w 3 28 "$finish" {0 0 0};
    %end;
    .thread T_11;
# The file index is used to find the file name in the following table.
:file_names 5;
    "N/A";
    "<interactive>";
    "-";
    "testbench.sv";
    "design.sv";
